<?xml version="1.0" encoding="UTF-8"?>
<!-- Generated by org.testng.reporters.JUnitXMLReporter -->
<testsuite hostname="CD059" ignored="0" name="S11_DoctorFullBillPaidWithGroup" tests="1" failures="1" timestamp="18 Jul 2018 08:51:08 GMT" time="170.805" errors="0">
  <testcase name="s11_DoctorFullBillPaidWithGroup" time="163.49" classname="tc_BasicDispatch_SelectPrinter_SampleAcknowledgementByTechnician.S11_DoctorFullBillPaidWithGroup">
    <failure type="java.lang.AssertionError" message="***Alert not displayed as expected after bulk entry*** expected [Results Entered Successfully] but found [Enter the Result Value]">
      <![CDATA[java.lang.AssertionError: ***Alert not displayed as expected after bulk entry*** expected [Results Entered Successfully] but found [Enter the Result Value]
	at tc_BasicDispatch_SelectPrinter_SampleAcknowledgementByTechnician.S11_DoctorFullBillPaidWithGroup.s11_DoctorFullBillPaidWithGroup(S11_DoctorFullBillPaidWithGroup.java:139)
... Removed 29 stack frames]]>
    </failure>
  </testcase> <!-- s11_DoctorFullBillPaidWithGroup -->
</testsuite> <!-- S11_DoctorFullBillPaidWithGroup -->
