<?xml version="1.0" encoding="UTF-8"?>
<!-- Generated by org.testng.reporters.JUnitXMLReporter -->
<testsuite hostname="CD059" ignored="0" name="S12_DoctorPartialBillPaidWithGroup" tests="1" failures="1" timestamp="18 Jul 2018 08:53:58 GMT" time="170.597" errors="0">
  <testcase name="s12_DoctorPartialBillPaidWithGroup" time="163.815" classname="tc_BasicDispatch_SelectPrinter_SampleAcknowledgementByTechnician.S12_DoctorPartialBillPaidWithGroup">
    <failure type="java.lang.AssertionError" message="***Alert not displayed as expected*** expected [Results Entered Successfully] but found [Enter the Result Value]">
      <![CDATA[java.lang.AssertionError: ***Alert not displayed as expected*** expected [Results Entered Successfully] but found [Enter the Result Value]
	at tc_BasicDispatch_SelectPrinter_SampleAcknowledgementByTechnician.S12_DoctorPartialBillPaidWithGroup.s12_DoctorPartialBillPaidWithGroup(S12_DoctorPartialBillPaidWithGroup.java:141)
... Removed 29 stack frames]]>
    </failure>
  </testcase> <!-- s12_DoctorPartialBillPaidWithGroup -->
</testsuite> <!-- S12_DoctorPartialBillPaidWithGroup -->
