<?xml version="1.0" encoding="UTF-8"?>
<!-- Generated by org.testng.reporters.JUnitXMLReporter -->
<testsuite hostname="CD059" ignored="0" name="S13_DoctorFullDueWithGroup" tests="1" failures="1" timestamp="18 Jul 2018 08:56:46 GMT" time="167.946" errors="0">
  <testcase name="s13_DoctorFullDueWithGroup" time="161.35" classname="tc_BasicDispatch_SelectPrinter_SampleAcknowledgementByTechnician.S13_DoctorFullDueWithGroup">
    <failure type="java.lang.AssertionError" message="***Alert not displayed as expected*** expected [Results Entered Successfully] but found [Enter the Result Value]">
      <![CDATA[java.lang.AssertionError: ***Alert not displayed as expected*** expected [Results Entered Successfully] but found [Enter the Result Value]
	at tc_BasicDispatch_SelectPrinter_SampleAcknowledgementByTechnician.S13_DoctorFullDueWithGroup.s13_DoctorFullDueWithGroup(S13_DoctorFullDueWithGroup.java:132)
... Removed 29 stack frames]]>
    </failure>
  </testcase> <!-- s13_DoctorFullDueWithGroup -->
</testsuite> <!-- S13_DoctorFullDueWithGroup -->
