<?xml version="1.0" encoding="UTF-8"?>
<!-- Generated by org.testng.reporters.JUnitXMLReporter -->
<testsuite hostname="CD059" ignored="0" name="S14_DoctorPartialBillPaidWithAnalyte" tests="1" failures="1" timestamp="18 Jul 2018 08:59:38 GMT" time="171.88" errors="0">
  <testcase name="s14_DoctorPartialBillPaidWithAnalyte" time="164.803" classname="tc_BasicDispatch_SelectPrinter_SampleAcknowledgementByTechnician.S14_DoctorPartialBillPaidWithAnalyte">
    <failure type="java.lang.AssertionError" message="***Alert not displayed as expected*** expected [Results Entered Successfully] but found [Please Select Patient]">
      <![CDATA[java.lang.AssertionError: ***Alert not displayed as expected*** expected [Results Entered Successfully] but found [Please Select Patient]
	at tc_BasicDispatch_SelectPrinter_SampleAcknowledgementByTechnician.S14_DoctorPartialBillPaidWithAnalyte.s14_DoctorPartialBillPaidWithAnalyte(S14_DoctorPartialBillPaidWithAnalyte.java:141)
... Removed 29 stack frames]]>
    </failure>
  </testcase> <!-- s14_DoctorPartialBillPaidWithAnalyte -->
</testsuite> <!-- S14_DoctorPartialBillPaidWithAnalyte -->
