<?xml version="1.0" encoding="UTF-8"?>
<!-- Generated by org.testng.reporters.JUnitXMLReporter -->
<testsuite hostname="CD059" ignored="0" name="S18_CreditClientFullBillPaidWithGroup" tests="1" failures="1" timestamp="18 Jul 2018 09:14:08 GMT" time="173.744" errors="0">
  <testcase name="s18_ClientFullBillPaidWithGroup" time="167.471" classname="tc_BasicDispatch_SelectPrinter_SampleAcknowledgementByTechnician.S18_CreditClientFullBillPaidWithGroup">
    <failure type="java.lang.AssertionError" message="***Alert not displayed as expected after bulk entry*** expected [Results Entered Successfully] but found [Enter the Result Value]">
      <![CDATA[java.lang.AssertionError: ***Alert not displayed as expected after bulk entry*** expected [Results Entered Successfully] but found [Enter the Result Value]
	at tc_BasicDispatch_SelectPrinter_SampleAcknowledgementByTechnician.S18_CreditClientFullBillPaidWithGroup.s18_ClientFullBillPaidWithGroup(S18_CreditClientFullBillPaidWithGroup.java:152)
... Removed 29 stack frames]]>
    </failure>
  </testcase> <!-- s18_ClientFullBillPaidWithGroup -->
</testsuite> <!-- S18_CreditClientFullBillPaidWithGroup -->
