<?xml version="1.0" encoding="UTF-8"?>
<!-- Generated by org.testng.reporters.JUnitXMLReporter -->
<testsuite hostname="CD059" ignored="0" name="S19_CreditClientPartialBillPaidWithGroup" tests="1" failures="1" timestamp="18 Jul 2018 09:16:59 GMT" time="171.454" errors="0">
  <testcase name="s19_ClientPartialBillPaidWithGroup" time="165.007" classname="tc_BasicDispatch_SelectPrinter_SampleAcknowledgementByTechnician.S19_CreditClientPartialBillPaidWithGroup">
    <failure type="java.lang.AssertionError" message="***Alert not displayed as expected*** expected [Results Entered Successfully] but found [Enter the Result Value]">
      <![CDATA[java.lang.AssertionError: ***Alert not displayed as expected*** expected [Results Entered Successfully] but found [Enter the Result Value]
	at tc_BasicDispatch_SelectPrinter_SampleAcknowledgementByTechnician.S19_CreditClientPartialBillPaidWithGroup.s19_ClientPartialBillPaidWithGroup(S19_CreditClientPartialBillPaidWithGroup.java:143)
... Removed 29 stack frames]]>
    </failure>
  </testcase> <!-- s19_ClientPartialBillPaidWithGroup -->
</testsuite> <!-- S19_CreditClientPartialBillPaidWithGroup -->
