<?xml version="1.0" encoding="UTF-8"?>
<!-- Generated by org.testng.reporters.JUnitXMLReporter -->
<testsuite hostname="CD059" ignored="0" name="S5_SelfPartialBillPaidWithGroup" tests="1" failures="1" timestamp="18 Jul 2018 08:42:41 GMT" time="168.808" errors="0">
  <testcase name="s5_SelfPartialBillPaidWithGroup" time="161.894" classname="tc_BasicDispatch_SelectPrinter_SampleAcknowledgementByTechnician.S5_SelfPartialBillPaidWithGroup">
    <failure type="java.lang.AssertionError" message="***Alert not displayed as expected*** expected [Results Entered Successfully] but found [Enter the Result Value]">
      <![CDATA[java.lang.AssertionError: ***Alert not displayed as expected*** expected [Results Entered Successfully] but found [Enter the Result Value]
	at tc_BasicDispatch_SelectPrinter_SampleAcknowledgementByTechnician.S5_SelfPartialBillPaidWithGroup.s5_SelfPartialBillPaidWithGroup(S5_SelfPartialBillPaidWithGroup.java:137)
... Removed 29 stack frames]]>
    </failure>
  </testcase> <!-- s5_SelfPartialBillPaidWithGroup -->
</testsuite> <!-- S5_SelfPartialBillPaidWithGroup -->
